{"/Users/irenesimatupang/Documents/GitHub/js-basic/soal.js": {"path":"/Users/irenesimatupang/Documents/GitHub/js-basic/soal.js","statementMap":{"0":{"start":{"line":3,"column":23},"end":{"line":3,"column":42}},"1":{"start":{"line":6,"column":20},"end":{"line":17,"column":5}},"2":{"start":{"line":20,"column":17},"end":{"line":20,"column":42}},"3":{"start":{"line":23,"column":4},"end":{"line":25,"column":5}},"4":{"start":{"line":24,"column":6},"end":{"line":24,"column":37}},"5":{"start":{"line":28,"column":16},"end":{"line":28,"column":39}},"6":{"start":{"line":31,"column":4},"end":{"line":33,"column":5}},"7":{"start":{"line":32,"column":6},"end":{"line":32,"column":57}},"8":{"start":{"line":36,"column":4},"end":{"line":38,"column":5}},"9":{"start":{"line":37,"column":6},"end":{"line":37,"column":41}},"10":{"start":{"line":40,"column":4},"end":{"line":40,"column":49}},"11":{"start":{"line":45,"column":2},"end":{"line":45,"column":45}},"12":{"start":{"line":46,"column":2},"end":{"line":46,"column":46}},"13":{"start":{"line":47,"column":2},"end":{"line":47,"column":46}},"14":{"start":{"line":49,"column":2},"end":{"line":49,"column":39}}},"fnMap":{"0":{"name":"calculateParkingFee","decl":{"start":{"line":1,"column":9},"end":{"line":1,"column":28}},"loc":{"start":{"line":1,"column":52},"end":{"line":41,"column":3}},"line":1}},"branchMap":{"0":{"loc":{"start":{"line":23,"column":4},"end":{"line":25,"column":5}},"type":"if","locations":[{"start":{"line":23,"column":4},"end":{"line":25,"column":5}},{"start":{},"end":{}}],"line":23},"1":{"loc":{"start":{"line":31,"column":4},"end":{"line":33,"column":5}},"type":"if","locations":[{"start":{"line":31,"column":4},"end":{"line":33,"column":5}},{"start":{},"end":{}}],"line":31},"2":{"loc":{"start":{"line":36,"column":4},"end":{"line":38,"column":5}},"type":"if","locations":[{"start":{"line":36,"column":4},"end":{"line":38,"column":5}},{"start":{},"end":{}}],"line":36}},"s":{"0":4,"1":4,"2":4,"3":4,"4":1,"5":3,"6":3,"7":2,"8":3,"9":1,"10":3,"11":1,"12":1,"13":1,"14":1},"f":{"0":4},"b":{"0":[1,3],"1":[2,1],"2":[1,2]},"_coverageSchema":"1a1c01bbd47fc00a2c39e90264f33305004495a9","hash":"e6029a173b04bb40b2b4071556f2cfef85d347ff"}
}
